Performing C SOURCE FILE Test CMAKE_HAVE_LIBC_PTHREAD failed with the following output:
Change Dir: /root/code/PDXP/myProtocol9/build/CMakeFiles/CMakeTmp

Run Build Command(s):/usr/bin/gmake -f Makefile cmTC_412ca/fast && /usr/bin/gmake  -f CMakeFiles/cmTC_412ca.dir/build.make CMakeFiles/cmTC_412ca.dir/build
gmake[1]: Entering directory `/root/code/PDXP/myProtocol9/build/CMakeFiles/CMakeTmp'
Building C object CMakeFiles/cmTC_412ca.dir/src.c.o
/opt/rh/devtoolset-11/root/usr/bin/cc -DCMAKE_HAVE_LIBC_PTHREAD   -o CMakeFiles/cmTC_412ca.dir/src.c.o -c /root/code/PDXP/myProtocol9/build/CMakeFiles/CMakeTmp/src.c
Linking C executable cmTC_412ca
/usr/local/bin/cmake -E cmake_link_script CMakeFiles/cmTC_412ca.dir/link.txt --verbose=1
/opt/rh/devtoolset-11/root/usr/bin/cc -rdynamic CMakeFiles/cmTC_412ca.dir/src.c.o -o cmTC_412ca 
/opt/rh/devtoolset-11/root/usr/libexec/gcc/x86_64-redhat-linux/11/ld: CMakeFiles/cmTC_412ca.dir/src.c.o: in function `main':
src.c:(.text+0x2d): undefined reference to `pthread_create'
/opt/rh/devtoolset-11/root/usr/libexec/gcc/x86_64-redhat-linux/11/ld: src.c:(.text+0x39): undefined reference to `pthread_detach'
/opt/rh/devtoolset-11/root/usr/libexec/gcc/x86_64-redhat-linux/11/ld: src.c:(.text+0x45): undefined reference to `pthread_cancel'
/opt/rh/devtoolset-11/root/usr/libexec/gcc/x86_64-redhat-linux/11/ld: src.c:(.text+0x56): undefined reference to `pthread_join'
/opt/rh/devtoolset-11/root/usr/libexec/gcc/x86_64-redhat-linux/11/ld: src.c:(.text+0x6a): undefined reference to `pthread_atfork'
collect2: error: ld returned 1 exit status
gmake[1]: *** [cmTC_412ca] Error 1
gmake[1]: Leaving directory `/root/code/PDXP/myProtocol9/build/CMakeFiles/CMakeTmp'
gmake: *** [cmTC_412ca/fast] Error 2


Source file was:
#include <pthread.h>

static void* test_func(void* data)
{
  return data;
}

int main(void)
{
  pthread_t thread;
  pthread_create(&thread, NULL, test_func, NULL);
  pthread_detach(thread);
  pthread_cancel(thread);
  pthread_join(thread, NULL);
  pthread_atfork(NULL, NULL, NULL);
  pthread_exit(NULL);

  return 0;
}

Determining if the function pthread_create exists in the pthreads failed with the following output:
Change Dir: /root/code/PDXP/myProtocol9/build/CMakeFiles/CMakeTmp

Run Build Command(s):/usr/bin/gmake -f Makefile cmTC_775db/fast && /usr/bin/gmake  -f CMakeFiles/cmTC_775db.dir/build.make CMakeFiles/cmTC_775db.dir/build
gmake[1]: Entering directory `/root/code/PDXP/myProtocol9/build/CMakeFiles/CMakeTmp'
Building C object CMakeFiles/cmTC_775db.dir/CheckFunctionExists.c.o
/opt/rh/devtoolset-11/root/usr/bin/cc   -DCHECK_FUNCTION_EXISTS=pthread_create -o CMakeFiles/cmTC_775db.dir/CheckFunctionExists.c.o -c /usr/local/share/cmake-3.21/Modules/CheckFunctionExists.c
Linking C executable cmTC_775db
/usr/local/bin/cmake -E cmake_link_script CMakeFiles/cmTC_775db.dir/link.txt --verbose=1
/opt/rh/devtoolset-11/root/usr/bin/cc  -DCHECK_FUNCTION_EXISTS=pthread_create -rdynamic CMakeFiles/cmTC_775db.dir/CheckFunctionExists.c.o -o cmTC_775db  -lpthreads 
/opt/rh/devtoolset-11/root/usr/libexec/gcc/x86_64-redhat-linux/11/ld: cannot find -lpthreads
collect2: error: ld returned 1 exit status
gmake[1]: *** [cmTC_775db] Error 1
gmake[1]: Leaving directory `/root/code/PDXP/myProtocol9/build/CMakeFiles/CMakeTmp'
gmake: *** [cmTC_775db/fast] Error 2



