Performing C SOURCE FILE Test CMAKE_HAVE_LIBC_PTHREAD failed with the following output:
Change Dir: /root/PDXP/myProtocol6/build/CMakeFiles/CMakeTmp

Run Build Command(s):/usr/bin/gmake cmTC_a12a2/fast && /usr/bin/gmake -f CMakeFiles/cmTC_a12a2.dir/build.make CMakeFiles/cmTC_a12a2.dir/build
gmake[1]: 进入目录“/root/PDXP/myProtocol6/build/CMakeFiles/CMakeTmp”
Building C object CMakeFiles/cmTC_a12a2.dir/src.c.o
/usr/bin/cc   -DCMAKE_HAVE_LIBC_PTHREAD   -o CMakeFiles/cmTC_a12a2.dir/src.c.o   -c /root/PDXP/myProtocol6/build/CMakeFiles/CMakeTmp/src.c
Linking C executable cmTC_a12a2
/usr/bin/cmake -E cmake_link_script CMakeFiles/cmTC_a12a2.dir/link.txt --verbose=1
/usr/bin/cc  -DCMAKE_HAVE_LIBC_PTHREAD    -rdynamic CMakeFiles/cmTC_a12a2.dir/src.c.o  -o cmTC_a12a2 
/usr/bin/ld: CMakeFiles/cmTC_a12a2.dir/src.c.o: in function `main':
src.c:(.text+0x2d): undefined reference to `pthread_create'
/usr/bin/ld: src.c:(.text+0x39): undefined reference to `pthread_detach'
/usr/bin/ld: src.c:(.text+0x4a): undefined reference to `pthread_join'
collect2: 错误：ld 返回 1
gmake[1]: *** [CMakeFiles/cmTC_a12a2.dir/build.make:87：cmTC_a12a2] 错误 1
gmake[1]: 离开目录“/root/PDXP/myProtocol6/build/CMakeFiles/CMakeTmp”
gmake: *** [Makefile:121：cmTC_a12a2/fast] 错误 2


Source file was:
#include <pthread.h>

void* test_func(void* data)
{
  return data;
}

int main(void)
{
  pthread_t thread;
  pthread_create(&thread, NULL, test_func, NULL);
  pthread_detach(thread);
  pthread_join(thread, NULL);
  pthread_atfork(NULL, NULL, NULL);
  pthread_exit(NULL);

  return 0;
}

Determining if the function pthread_create exists in the pthreads failed with the following output:
Change Dir: /root/PDXP/myProtocol6/build/CMakeFiles/CMakeTmp

Run Build Command(s):/usr/bin/gmake cmTC_d1955/fast && /usr/bin/gmake -f CMakeFiles/cmTC_d1955.dir/build.make CMakeFiles/cmTC_d1955.dir/build
gmake[1]: 进入目录“/root/PDXP/myProtocol6/build/CMakeFiles/CMakeTmp”
Building C object CMakeFiles/cmTC_d1955.dir/CheckFunctionExists.c.o
/usr/bin/cc   -DCHECK_FUNCTION_EXISTS=pthread_create   -o CMakeFiles/cmTC_d1955.dir/CheckFunctionExists.c.o   -c /usr/share/cmake/Modules/CheckFunctionExists.c
Linking C executable cmTC_d1955
/usr/bin/cmake -E cmake_link_script CMakeFiles/cmTC_d1955.dir/link.txt --verbose=1
/usr/bin/cc  -DCHECK_FUNCTION_EXISTS=pthread_create    -rdynamic CMakeFiles/cmTC_d1955.dir/CheckFunctionExists.c.o  -o cmTC_d1955  -lpthreads 
/usr/bin/ld: 找不到 -lpthreads
collect2: 错误：ld 返回 1
gmake[1]: *** [CMakeFiles/cmTC_d1955.dir/build.make:87：cmTC_d1955] 错误 1
gmake[1]: 离开目录“/root/PDXP/myProtocol6/build/CMakeFiles/CMakeTmp”
gmake: *** [Makefile:121：cmTC_d1955/fast] 错误 2



